<?xml version="1.0" encoding="UTF-8"?>
<!-- Generated by org.testng.reporters.JUnitXMLReporter -->
<testsuite ignored="2" hostname="DESKTOP-LKRLMEA" failures="0" tests="0" time="0.125" errors="0" timestamp="2024-04-25T15:49:01 GMT-07:00">
  <testcase classname="testScript.dependsonmethod" name="login" time="0.0">
    <ignored/>
  </testcase> <!-- login -->
  <testcase classname="testScript.dependsonmethod" name="register" time="0.0">
    <ignored/>
  </testcase> <!-- register -->
</testsuite>
